<?xml version="1.0" encoding="UTF-8"?>
<!-- Generated by org.testng.reporters.JUnitReportReporter -->
<testsuite hostname="DESKTOP-35PKLNE" failures="0" tests="1" name="TestPages.InteviewExample" time="9.501" errors="0" timestamp="2021-04-28T02:17:53 CEST" skipped="0">
  <testcase classname="TestPages.InteviewExample" name="loginPageTitleTest" time="9.501"/>
  <system-out/>
</testsuite> <!-- TestPages.InteviewExample -->
