<?xml version="1.0" encoding="UTF-8"?>
<!-- Generated by org.testng.reporters.JUnitReportReporter -->
<testsuite hostname="DESKTOP-35PKLNE" failures="0" tests="3" name="TestPages.HomePageTest" time="1.211" errors="0" timestamp="2021-03-19T15:40:29 CET" skipped="0">
  <testcase classname="TestPages.HomePageTest" name="getUserName" time="1.016"/>
  <system-out/>
  <testcase classname="TestPages.HomePageTest" name="galeryInfo" time="0.128"/>
  <system-out/>
  <testcase classname="TestPages.HomePageTest" name="developerNameTest" time="0.067"/>
  <system-out/>
</testsuite> <!-- TestPages.HomePageTest -->
