<?xml version="1.0" encoding="UTF-8"?>
<!-- Generated by org.testng.reporters.JUnitReportReporter -->
<testsuite hostname="DESKTOP-35PKLNE" failures="0" tests="2" name="TestPages.LoginPageTest" time="11.503" errors="0" timestamp="2021-03-18T02:03:51 CET" skipped="0">
  <testcase classname="TestPages.LoginPageTest" name="verifyTitle" time="0.219"/>
  <system-out/>
  <testcase classname="TestPages.LoginPageTest" name="loginTest" time="11.284"/>
  <system-out/>
</testsuite> <!-- TestPages.LoginPageTest -->
