<?xml version="1.0" encoding="UTF-8"?>
<!-- Generated by org.testng.reporters.JUnitReportReporter -->
<testsuite hostname="DESKTOP-35PKLNE" failures="0" tests="14" name="TestPages.ACMEFUNCTIONTEST" time="0.035" errors="0" timestamp="2021-05-17T19:23:47 CEST" skipped="0">
  <testcase classname="TestPages.ACMEFUNCTIONTEST" name="test_01_" time="0.010"/>
  <system-out/>
  <testcase classname="TestPages.ACMEFUNCTIONTEST" name="test_02" time="0.002"/>
  <system-out/>
  <testcase classname="TestPages.ACMEFUNCTIONTEST" name="test_03" time="0.002"/>
  <system-out/>
  <testcase classname="TestPages.ACMEFUNCTIONTEST" name="test_04" time="0.001"/>
  <system-out/>
  <testcase classname="TestPages.ACMEFUNCTIONTEST" name="test_05" time="0.002"/>
  <system-out/>
  <testcase classname="TestPages.ACMEFUNCTIONTEST" name="test_06" time="0.003"/>
  <system-out/>
  <testcase classname="TestPages.ACMEFUNCTIONTEST" name="test_07" time="0.004"/>
  <system-out/>
  <testcase classname="TestPages.ACMEFUNCTIONTEST" name="test_08" time="0.001"/>
  <system-out/>
  <testcase classname="TestPages.ACMEFUNCTIONTEST" name="test_09" time="0.001"/>
  <system-out/>
  <testcase classname="TestPages.ACMEFUNCTIONTEST" name="test_10" time="0.001"/>
  <system-out/>
  <testcase classname="TestPages.ACMEFUNCTIONTEST" name="test_11" time="0.001"/>
  <system-out/>
  <testcase classname="TestPages.ACMEFUNCTIONTEST" name="test_12" time="0.001"/>
  <system-out/>
  <testcase classname="TestPages.ACMEFUNCTIONTEST" name="test_13" time="0.002"/>
  <system-out/>
  <testcase classname="TestPages.ACMEFUNCTIONTEST" name="test_14" time="0.004"/>
  <system-out/>
</testsuite> <!-- TestPages.ACMEFUNCTIONTEST -->
