<?xml version="1.0" encoding="UTF-8"?>
<!-- Generated by org.testng.reporters.JUnitReportReporter -->
<testsuite hostname="DESKTOP-35PKLNE" failures="0" tests="2" name="TestPages.LoginPageTest2" time="21.410" errors="0" timestamp="2021-04-29T03:08:42 CEST" skipped="0">
  <testcase classname="TestPages.LoginPageTest2" name="loginPageTitleTest" time="11.386"/>
  <system-out/>
  <testcase classname="TestPages.LoginPageTest2" name="LoginPageTest" time="10.024"/>
  <system-out/>
</testsuite> <!-- TestPages.LoginPageTest2 -->
